=== Caesar Real Pipeline Run ===
Started: 2026-05-21T18:38:02.311Z
==================================================

[watch-green-sources] Running scripts/watch-green-sources.mjs...
[34m[Watcher Info][0m Starting Real Green-Source Watcher run (T051 adapter framework)...
[34m[Watcher Info][0m Found 7 enabled watch targets. 0 skipped.
[34m[Watcher Info][0m Processing target: ftc-ai-enforcement via adapter...
[32m[Watcher Success][0m Adapter ftc-adapter ran for ftc-ai-enforcement: 0 links found.
[34m[Watcher Info][0m Processing target: eeoc-ai-guidance via adapter...
[31m[Watcher Error][0m Adapter failed for ftc-ai-enforcement: HTTP 404 
[34m[Watcher Info][0m Generic adapter ran for eeoc-ai-guidance: 0 links.
[34m[Watcher Info][0m Processing target: doj-ada-ai-guidance via adapter...
[34m[Watcher Info][0m Generic adapter ran for doj-ada-ai-guidance: 1 links.
[32m[Watcher Success][0m Candidate stored: CAND-0135 [likely_guidance|score:72] adapter:generic-official-adapter
[34m[Watcher Info][0m Processing target: ico-ai-and-algorithms via adapter...
[32m[Watcher Success][0m Adapter ico-adapter ran for ico-ai-and-algorithms: 4 links found.
[32m[Watcher Success][0m Candidate stored: CAND-0136 [likely_guidance|score:72] adapter:ico-adapter
[32m[Watcher Success][0m Candidate stored: CAND-0137 [likely_case|score:75] adapter:ico-adapter
[32m[Watcher Success][0m Candidate stored: CAND-0138 [likely_guidance|score:72] adapter:ico-adapter
[32m[Watcher Success][0m Candidate stored: CAND-0139 [likely_guidance|score:72] adapter:ico-adapter
[34m[Watcher Info][0m Processing target: cnil-ai via adapter...
[32m[Watcher Success][0m Adapter cnil-adapter ran for cnil-ai: 10 links found.
[32m[Watcher Success][0m Candidate stored: CAND-0140 [likely_case|score:75] adapter:cnil-adapter
[32m[Watcher Success][0m Candidate stored: CAND-0141 [likely_regulatory_update|score:62] adapter:cnil-adapter
[32m[Watcher Success][0m Candidate stored: CAND-0142 [likely_regulatory_update|score:62] adapter:cnil-adapter
[32m[Watcher Success][0m Candidate stored: CAND-0143 [likely_case|score:75] adapter:cnil-adapter
[32m[Watcher Success][0m Candidate stored: CAND-0144 [likely_regulatory_update|score:62] adapter:cnil-adapter
[32m[Watcher Success][0m Candidate stored: CAND-0145 [likely_regulatory_update|score:62] adapter:cnil-adapter
[32m[Watcher Success][0m Candidate stored: CAND-0146 [likely_regulatory_update|score:62] adapter:cnil-adapter
[32m[Watcher Success][0m Candidate stored: CAND-0147 [likely_regulatory_update|score:62] adapter:cnil-adapter
[32m[Watcher Success][0m Candidate stored: CAND-0148 [likely_regulatory_update|score:62] adapter:cnil-adapter
[32m[Watcher Success][0m Candidate stored: CAND-0149 [likely_regulatory_update|score:62] adapter:cnil-adapter
[34m[Watcher Info][0m Processing target: edpb-ai via adapter...
[32m[Watcher Success][0m Adapter edpb-adapter ran for edpb-ai: 10 links found.
[32m[Watcher Success][0m Candidate stored: CAND-0150 [likely_guidance|score:72] adapter:edpb-adapter
[32m[Watcher Success][0m Candidate stored: CAND-0151 [likely_guidance|score:72] adapter:edpb-adapter
[32m[Watcher Success][0m Candidate stored: CAND-0152 [likely_case|score:75] adapter:edpb-adapter
[32m[Watcher Success][0m Candidate stored: CAND-0153 [likely_regulatory_update|score:62] adapter:edpb-adapter
[32m[Watcher Success][0m Candidate stored: CAND-0154 [likely_regulatory_update|score:62] adapter:edpb-adapter
[32m[Watcher Success][0m Candidate stored: CAND-0155 [likely_regulatory_update|score:62] adapter:edpb-adapter
[32m[Watcher Success][0m Candidate stored: CAND-0156 [likely_regulatory_update|score:62] adapter:edpb-adapter
[32m[Watcher Success][0m Candidate stored: CAND-0157 [likely_guidance|score:72] adapter:edpb-adapter
[32m[Watcher Success][0m Candidate stored: CAND-0158 [likely_guidance|score:72] adapter:edpb-adapter
[32m[Watcher Success][0m Candidate stored: CAND-0159 [likely_guidance|score:72] adapter:edpb-adapter
[34m[Watcher Info][0m Processing target: european-commission-ai-act via adapter...
[32m[Watcher Success][0m Adapter eu-commission-adapter ran for european-commission-ai-act: 10 links found.
[32m[Watcher Success][0m Candidate stored: CAND-0160 [likely_regulatory_update|score:62] adapter:eu-commission-adapter
[32m[Watcher Success][0m Candidate stored: CAND-0161 [likely_regulatory_update|score:62] adapter:eu-commission-adapter
[32m[Watcher Success][0m Candidate stored: CAND-0162 [likely_regulatory_update|score:62] adapter:eu-commission-adapter
[32m[Watcher Success][0m Candidate stored: CAND-0163 [likely_regulatory_update|score:62] adapter:eu-commission-adapter
[32m[Watcher Success][0m Candidate stored: CAND-0164 [likely_guidance|score:72] adapter:eu-commission-adapter
[32m[Watcher Success][0m Candidate stored: CAND-0165 [likely_regulatory_update|score:62] adapter:eu-commission-adapter
[32m[Watcher Success][0m Candidate stored: CAND-0166 [likely_regulatory_update|score:62] adapter:eu-commission-adapter
[32m[Watcher Success][0m Candidate stored: CAND-0167 [likely_regulatory_update|score:62] adapter:eu-commission-adapter
[32m[Watcher Success][0m Candidate stored: CAND-0168 [likely_regulatory_update|score:62] adapter:eu-commission-adapter
[32m[Watcher Success][0m Candidate stored: CAND-0169 [likely_regulatory_update|score:62] adapter:eu-commission-adapter
[32m[Watcher Success][0m Adapter run report written to: /Users/nazarkoartem/Desktop/Projects/caesar-compliance/caesar-ai-incident-atlas/data/watch/runs/latest-adapter-summary.json
[32m[Watcher Success][0m Latest watch summary written to: /Users/nazarkoartem/Desktop/Projects/caesar-compliance/caesar-ai-incident-atlas/data/watch/runs/latest-watch-summary.json

==========================================
       Caesar Watcher Run Summary         
==========================================
Run Time:       2026-05-21T18:38:02.349Z
Log Path:       /Users/nazarkoartem/Desktop/Projects/caesar-compliance/caesar-ai-incident-atlas/data/watch/runs/watch-run-2026-05-21T18-38-02.349Z.json
Sources OK:          6
Sources Failed:      1
Sources Skipped:     0
Candidates stored:   35
Generic blocked:     0
Promotion eligible:  14
Skipped (no match):  0 link(s)
Errors:              1 encountered
==========================================

[watch-green-sources] PASS (exit 0)

[classify-candidate-quality] Running scripts/classify-candidate-quality.mjs...
=== Caesar Candidate Quality Classifier ===

[Classifier] Found 222 candidate(s) to classify.
[31m[BLOCKED][0m  CAND-0018 | blocked_generic_page | score:15 | "Make a complaint"
           Reasons: Generic title pattern: "make a complaint"; Generic URL pattern: "/make-a-complaint"
[32m[ELIGIBLE][0m CAND-0019 | likely_regulatory_guidance | score:84 | "Artificial intelligence (AI) and data protection"
[31m[BLOCKED][0m  CAND-0020 | likely_regulatory_guidance | score:68 | "Explaining decisions made with AI&nbsp;"
[31m[BLOCKED][0m  CAND-0021 | likely_regulatory_guidance | score:76 | "AI and data protection risk toolkit"
[31m[BLOCKED][0m  CAND-0022 | likely_regulatory_guidance | score:68 | "FRFran├зais"
[32m[ELIGIBLE][0m CAND-0023 | likely_regulatory_guidance | score:84 | "Automated decision &amp; profiling (3)"
[31m[BLOCKED][0m  CAND-0024 | blocked_generic_page | score:15 | "Make a complaint"
           Reasons: Generic title pattern: "make a complaint"; Generic URL pattern: "/make-a-complaint"
[32m[ELIGIBLE][0m CAND-0025 | likely_regulatory_guidance | score:84 | "Artificial intelligence (AI) and data protection"
[31m[BLOCKED][0m  CAND-0026 | likely_regulatory_guidance | score:68 | "Explaining decisions made with AI&nbsp;"
[31m[BLOCKED][0m  CAND-0027 | likely_regulatory_guidance | score:76 | "AI and data protection risk toolkit"
[31m[BLOCKED][0m  CAND-0028 | likely_regulatory_guidance | score:68 | "FRFran├зais"
[32m[ELIGIBLE][0m CAND-0029 | likely_regulatory_guidance | score:84 | "Automated decision &amp; profiling (3)"
[32m[ELIGIBLE][0m CAND-0030 | likely_regulatory_guidance | score:81 | "Algorithms, Artificial Intelligence, and Disability Discrimination in Hiring"
[32m[ELIGIBLE][0m CAND-0030 | likely_regulatory_guidance | score:81 | "Algorithms, Artificial Intelligence, and Disability Discrimination in Hiring"
[32m[ELIGIBLE][0m CAND-0031 | likely_regulatory_guidance | score:89 | "Artificial intelligence (AI) and data protection"
[32m[ELIGIBLE][0m CAND-0031 | likely_regulatory_guidance | score:89 | "Artificial intelligence (AI) and data protection"
[31m[BLOCKED][0m  CAND-0032 | likely_regulatory_guidance | score:73 | "Explaining decisions made with AI"
[31m[BLOCKED][0m  CAND-0032 | likely_regulatory_guidance | score:73 | "Explaining decisions made with AI"
[31m[BLOCKED][0m  CAND-0033 | likely_regulatory_guidance | score:73 | "Biometric data guidance: Biometric recognition"
[31m[BLOCKED][0m  CAND-0033 | likely_regulatory_guidance | score:73 | "Biometric data guidance: Biometric recognition"
[32m[ELIGIBLE][0m CAND-0034 | likely_regulatory_guidance | score:81 | "AI and data protection risk toolkit"
[32m[ELIGIBLE][0m CAND-0034 | likely_regulatory_guidance | score:81 | "AI and data protection risk toolkit"
[31m[BLOCKED][0m  CAND-0035 | blocked_low_relevance | score:25 | "Intelligence artificielle (IA)"
           Reasons: No AI/algorithm relevance detected; No legal/regulatory relevance detected
[31m[BLOCKED][0m  CAND-0035 | blocked_low_relevance | score:25 | "Intelligence artificielle (IA)"
           Reasons: No AI/algorithm relevance detected; No legal/regulatory relevance detected
[31m[BLOCKED][0m  CAND-0036 | likely_regulatory_guidance | score:65 | "Faire v├йrifier une d├йcision automatis├йe"
[31m[BLOCKED][0m  CAND-0036 | likely_regulatory_guidance | score:65 | "Faire v├йrifier une d├йcision automatis├йe"
[31m[BLOCKED][0m  CAND-0037 | blocked_low_relevance | score:53 | "Contr├┤ler et sanctionner"
           Reasons: No AI/algorithm relevance detected
[31m[BLOCKED][0m  CAND-0037 | blocked_low_relevance | score:53 | "Contr├┤ler et sanctionner"
           Reasons: No AI/algorithm relevance detected
[31m[BLOCKED][0m  CAND-0038 | blocked_low_relevance | score:25 | "IA conversationnelle et sant├й mentale des jeunes : r├йsultats de lтАЩenqu├кte europ├йenne"
           Reasons: No AI/algorithm relevance detected; No legal/regulatory relevance detected
[31m[BLOCKED][0m  CAND-0038 | blocked_low_relevance | score:25 | "IA conversationnelle et sant├й mentale des jeunes : r├йsultats de lтАЩenqu├кte europ├йenne"
           Reasons: No AI/algorithm relevance detected; No legal/regulatory relevance detected
[31m[BLOCKED][0m  CAND-0039 | blocked_low_relevance | score:25 | "IA conversationnelle et sant├й mentale des jeunes : un d├йbat europ├йen in├йdit port├й par la parole des jeunesses"
           Reasons: No AI/algorithm relevance detected; No legal/regulatory relevance detected
[31m[BLOCKED][0m  CAND-0039 | blocked_low_relevance | score:25 | "IA conversationnelle et sant├й mentale des jeunes : un d├йbat europ├йen in├йdit port├й par la parole des jeunesses"
           Reasons: No AI/algorithm relevance detected; No legal/regulatory relevance detected
[31m[BLOCKED][0m  CAND-0040 | blocked_low_relevance | score:25 | "Page courante 1"
           Reasons: No AI/algorithm relevance detected; No legal/regulatory relevance detected
[31m[BLOCKED][0m  CAND-0040 | blocked_low_relevance | score:25 | "Page courante 1"
           Reasons: No AI/algorithm relevance detected; No legal/regulatory relevance detected
[31m[BLOCKED][0m  CAND-0041 | blocked_low_relevance | score:25 | "Page 2"
           Reasons: No AI/algorithm relevance detected; No legal/regulatory relevance detected
[31m[BLOCKED][0m  CAND-0041 | blocked_low_relevance | score:25 | "Page 2"
           Reasons: No AI/algorithm relevance detected; No legal/regulatory relevance detected
[31m[BLOCKED][0m  CAND-0042 | blocked_low_relevance | score:25 | "Page 3"
           Reasons: No AI/algorithm relevance detected; No legal/regulatory relevance detected
[31m[BLOCKED][0m  CAND-0042 | blocked_low_relevance | score:25 | "Page 3"
           Reasons: No AI/algorithm relevance detected; No legal/regulatory relevance detected
[31m[BLOCKED][0m  CAND-0043 | blocked_low_relevance | score:25 | "Derni├иre page Dernier ┬╗"
           Reasons: No AI/algorithm relevance detected; No legal/regulatory relevance detected
[31m[BLOCKED][0m  CAND-0043 | blocked_low_relevance | score:25 | "Derni├иre page Dernier ┬╗"
           Reasons: No AI/algorithm relevance detected; No legal/regulatory relevance detected
[31m[BLOCKED][0m  CAND-0044 | blocked_low_relevance | score:25 | "Intelligence artificielle (IA)"
           Reasons: No AI/algorithm relevance detected; No legal/regulatory relevance detected
[31m[BLOCKED][0m  CAND-0044 | blocked_low_relevance | score:25 | "Intelligence artificielle (IA)"
           Reasons: No AI/algorithm relevance detected; No legal/regulatory relevance detected
[31m[BLOCKED][0m  CAND-0045 | blocked_low_relevance | score:53 | "BG╨С╤К╨╗╨│╨░╤А╤Б╨║╨╕"
           Reasons: No AI/algorithm relevance detected
[31m[BLOCKED][0m  CAND-0045 | blocked_low_relevance | score:53 | "BG╨С╤К╨╗╨│╨░╤А╤Б╨║╨╕"
           Reasons: No AI/algorithm relevance detected
[31m[BLOCKED][0m  CAND-0046 | blocked_low_relevance | score:53 | "CS─Мe┼бtina"
           Reasons: No AI/algorithm relevance detected
[31m[BLOCKED][0m  CAND-0046 | blocked_low_relevance | score:53 | "CS─Мe┼бtina"
           Reasons: No AI/algorithm relevance detected
[31m[BLOCKED][0m  CAND-0047 | blocked_low_relevance | score:53 | "DADansk"
           Reasons: No AI/algorithm relevance detected
[31m[BLOCKED][0m  CAND-0047 | blocked_low_relevance | score:53 | "DADansk"
           Reasons: No AI/algorithm relevance detected
[31m[BLOCKED][0m  CAND-0048 | blocked_low_relevance | score:53 | "DEDeutsch"
           Reasons: No AI/algorithm relevance detected
[31m[BLOCKED][0m  CAND-0048 | blocked_low_relevance | score:53 | "DEDeutsch"
           Reasons: No AI/algorithm relevance detected
[31m[BLOCKED][0m  CAND-0049 | blocked_low_relevance | score:53 | "EL╬Х╬╗╬╗╬╖╬╜╬╣╬║╬м"
           Reasons: No AI/algorithm relevance detected
[31m[BLOCKED][0m  CAND-0049 | blocked_low_relevance | score:53 | "EL╬Х╬╗╬╗╬╖╬╜╬╣╬║╬м"
           Reasons: No AI/algorithm relevance detected
[31m[BLOCKED][0m  CAND-0050 | blocked_low_relevance | score:53 | "ESEspa├▒ol"
           Reasons: No AI/algorithm relevance detected
[31m[BLOCKED][0m  CAND-0050 | blocked_low_relevance | score:53 | "ESEspa├▒ol"
           Reasons: No AI/algorithm relevance detected
[31m[BLOCKED][0m  CAND-0051 | blocked_low_relevance | score:53 | "ETEesti"
           Reasons: No AI/algorithm relevance detected
[31m[BLOCKED][0m  CAND-0051 | blocked_low_relevance | score:53 | "ETEesti"
           Reasons: No AI/algorithm relevance detected
[31m[BLOCKED][0m  CAND-0052 | blocked_low_relevance | score:53 | "FISuomi"
           Reasons: No AI/algorithm relevance detected
[31m[BLOCKED][0m  CAND-0052 | blocked_low_relevance | score:53 | "FISuomi"
           Reasons: No AI/algorithm relevance detected
[31m[BLOCKED][0m  CAND-0053 | likely_regulatory_guidance | score:73 | "FRFran├зais"
[31m[BLOCKED][0m  CAND-0053 | likely_regulatory_guidance | score:73 | "FRFran├зais"
[31m[BLOCKED][0m  CAND-0054 | blocked_low_relevance | score:53 | "GAGaeilge"
           Reasons: No AI/algorithm relevance detected
[31m[BLOCKED][0m  CAND-0054 | blocked_low_relevance | score:53 | "GAGaeilge"
           Reasons: No AI/algorithm relevance detected
[31m[BLOCKED][0m  CAND-0055 | blocked_low_relevance | score:53 | "Activities"
           Reasons: No AI/algorithm relevance detected
[31m[BLOCKED][0m  CAND-0055 | blocked_low_relevance | score:53 | "Activities"
           Reasons: No AI/algorithm relevance detected
[31m[BLOCKED][0m  CAND-0056 | blocked_low_relevance | score:33 | "News"
           Reasons: No AI/algorithm relevance detected; No legal/regulatory relevance detected
[31m[BLOCKED][0m  CAND-0056 | blocked_low_relevance | score:33 | "News"
           Reasons: No AI/algorithm relevance detected; No legal/regulatory relevance detected
[31m[BLOCKED][0m  CAND-0057 | likely_policy_update | score:45 | "AI Office"
           Reasons: No legal/regulatory relevance detected
[31m[BLOCKED][0m  CAND-0057 | likely_policy_update | score:45 | "AI Office"
           Reasons: No legal/regulatory relevance detected
[31m[BLOCKED][0m  CAND-0058 | blocked_low_relevance | score:33 | "News highlights"
           Reasons: No AI/algorithm relevance detected; No legal/regulatory relevance detected
[31m[BLOCKED][0m  CAND-0058 | blocked_low_relevance | score:33 | "News highlights"
           Reasons: No AI/algorithm relevance detected; No legal/regulatory relevance detected
[31m[BLOCKED][0m  CAND-0059 | likely_policy_update | score:53 | "Artificial Intelligence"
           Reasons: No legal/regulatory relevance detected
[31m[BLOCKED][0m  CAND-0059 | likely_policy_update | score:53 | "Artificial Intelligence"
           Reasons: No legal/regulatory relevance detected
[31m[BLOCKED][0m  CAND-0060 | likely_enforcement_case | score:73 | "The Action Plan"
[31m[BLOCKED][0m  CAND-0060 | likely_enforcement_case | score:73 | "The Action Plan"
[32m[ELIGIBLE][0m CAND-0061 | likely_regulatory_guidance | score:81 | "AI Act"
[32m[ELIGIBLE][0m CAND-0061 | likely_regulatory_guidance | score:81 | "AI Act"
[31m[BLOCKED][0m  CAND-0062 | likely_regulatory_guidance | score:65 | "AI Factories and Gigafactories"
[31m[BLOCKED][0m  CAND-0062 | likely_regulatory_guidance | score:65 | "AI Factories and Gigafactories"
[31m[BLOCKED][0m  CAND-0063 | likely_policy_update | score:53 | "InvestAI Facility"
           Reasons: No legal/regulatory relevance detected
[31m[BLOCKED][0m  CAND-0063 | likely_policy_update | score:53 | "InvestAI Facility"
           Reasons: No legal/regulatory relevance detected
[32m[ELIGIBLE][0m CAND-0064 | likely_regulatory_guidance | score:81 | "AI Act Service Desk"
[32m[ELIGIBLE][0m CAND-0064 | likely_regulatory_guidance | score:81 | "AI Act Service Desk"
[32m[ELIGIBLE][0m CAND-0065 | likely_regulatory_guidance | score:81 | "Algorithms, Artificial Intelligence, and Disability Discrimination in Hiring"
[32m[ELIGIBLE][0m CAND-0065 | likely_regulatory_guidance | score:81 | "Algorithms, Artificial Intelligence, and Disability Discrimination in Hiring"
[32m[ELIGIBLE][0m CAND-0066 | likely_regulatory_guidance | score:89 | "Artificial intelligence (AI) and data protection"
[32m[ELIGIBLE][0m CAND-0066 | likely_regulatory_guidance | score:89 | "Artificial intelligence (AI) and data protection"
[31m[BLOCKED][0m  CAND-0067 | likely_regulatory_guidance | score:73 | "Explaining decisions made with AI"
[31m[BLOCKED][0m  CAND-0067 | likely_regulatory_guidance | score:73 | "Explaining decisions made with AI"
[31m[BLOCKED][0m  CAND-0068 | likely_regulatory_guidance | score:73 | "Biometric data guidance: Biometric recognition"
[31m[BLOCKED][0m  CAND-0068 | likely_regulatory_guidance | score:73 | "Biometric data guidance: Biometric recognition"
[32m[ELIGIBLE][0m CAND-0069 | likely_regulatory_guidance | score:81 | "AI and data protection risk toolkit"
[32m[ELIGIBLE][0m CAND-0069 | likely_regulatory_guidance | score:81 | "AI and data protection risk toolkit"
[31m[BLOCKED][0m  CAND-0070 | likely_regulatory_guidance | score:65 | "Faire v├йrifier une d├йcision automatis├йe"
[31m[BLOCKED][0m  CAND-0070 | likely_regulatory_guidance | score:65 | "Faire v├йrifier une d├йcision automatis├йe"
[31m[BLOCKED][0m  CAND-0071 | blocked_low_relevance | score:25 | "IA conversationnelle et sant├й mentale des jeunes : r├йsultats de lтАЩenqu├кte europ├йenne"
           Reasons: No AI/algorithm relevance detected; No legal/regulatory relevance detected
[31m[BLOCKED][0m  CAND-0071 | blocked_low_relevance | score:25 | "IA conversationnelle et sant├й mentale des jeunes : r├йsultats de lтАЩenqu├кte europ├йenne"
           Reasons: No AI/algorithm relevance detected; No legal/regulatory relevance detected
[31m[BLOCKED][0m  CAND-0072 | blocked_low_relevance | score:25 | "IA conversationnelle et sant├й mentale des jeunes : un d├йbat europ├йen in├йdit port├й par la parole des jeunesses"
           Reasons: No AI/algorithm relevance detected; No legal/regulatory relevance detected
[31m[BLOCKED][0m  CAND-0072 | blocked_low_relevance | score:25 | "IA conversationnelle et sant├й mentale des jeunes : un d├йbat europ├йen in├йdit port├й par la parole des jeunesses"
           Reasons: No AI/algorithm relevance detected; No legal/regulatory relevance detected
[31m[BLOCKED][0m  CAND-0073 | blocked_low_relevance | score:53 | "Liste des sanctions prononc├йes"
           Reasons: No AI/algorithm relevance detected
[31m[BLOCKED][0m  CAND-0073 | blocked_low_relevance | score:53 | "Liste des sanctions prononc├йes"
           Reasons: No AI/algorithm relevance detected
[31m[BLOCKED][0m  CAND-0074 | blocked_low_relevance | score:25 | "Amende administrative de 27 millions d'euros et injonction"
           Reasons: No AI/algorithm relevance detected; No legal/regulatory relevance detected
[31m[BLOCKED][0m  CAND-0074 | blocked_low_relevance | score:25 | "Amende administrative de 27 millions d'euros et injonction"
           Reasons: No AI/algorithm relevance detected; No legal/regulatory relevance detected
[31m[BLOCKED][0m  CAND-0075 | blocked_low_relevance | score:25 | "Amende administrative de 15 millions d'euros et injonction"
           Reasons: No AI/algorithm relevance detected; No legal/regulatory relevance detected
[31m[BLOCKED][0m  CAND-0075 | blocked_low_relevance | score:25 | "Amende administrative de 15 millions d'euros et injonction"
           Reasons: No AI/algorithm relevance detected; No legal/regulatory relevance detected
[31m[BLOCKED][0m  CAND-0076 | blocked_low_relevance | score:25 | "Amende administrative de 5 millions d'euros et injonction"
           Reasons: No AI/algorithm relevance detected; No legal/regulatory relevance detected
[31m[BLOCKED][0m  CAND-0076 | blocked_low_relevance | score:25 | "Amende administrative de 5 millions d'euros et injonction"
           Reasons: No AI/algorithm relevance detected; No legal/regulatory relevance detected
[31m[BLOCKED][0m  CAND-0077 | blocked_low_relevance | score:25 | "Amende administrative de 900 000 euros et injonction"
           Reasons: No AI/algorithm relevance detected; No legal/regulatory relevance detected
[31m[BLOCKED][0m  CAND-0077 | blocked_low_relevance | score:25 | "Amende administrative de 900 000 euros et injonction"
           Reasons: No AI/algorithm relevance detected; No legal/regulatory relevance detected
[31m[BLOCKED][0m  CAND-0078 | blocked_low_relevance | score:25 | "Amende administrative de 80 000 euros"
           Reasons: No AI/algorithm relevance detected; No legal/regulatory relevance detected
[31m[BLOCKED][0m  CAND-0078 | blocked_low_relevance | score:25 | "Amende administrative de 80 000 euros"
           Reasons: No AI/algorithm relevance detected; No legal/regulatory relevance detected
[31m[BLOCKED][0m  CAND-0079 | blocked_low_relevance | score:25 | "Amende administrative de 325 millions d'euros et injonction"
           Reasons: No AI/algorithm relevance detected; No legal/regulatory relevance detected
[31m[BLOCKED][0m  CAND-0079 | blocked_low_relevance | score:25 | "Amende administrative de 325 millions d'euros et injonction"
           Reasons: No AI/algorithm relevance detected; No legal/regulatory relevance detected
[31m[BLOCKED][0m  CAND-0080 | blocked_low_relevance | score:53 | "Guidelines, Recommendations, Best Practices"
           Reasons: No AI/algorithm relevance detected
[31m[BLOCKED][0m  CAND-0080 | blocked_low_relevance | score:53 | "Guidelines, Recommendations, Best Practices"
           Reasons: No AI/algorithm relevance detected
[31m[BLOCKED][0m  CAND-0081 | blocked_low_relevance | score:53 | "Opinions"
           Reasons: No AI/algorithm relevance detected
[31m[BLOCKED][0m  CAND-0081 | blocked_low_relevance | score:53 | "Opinions"
           Reasons: No AI/algorithm relevance detected
[31m[BLOCKED][0m  CAND-0082 | blocked_low_relevance | score:53 | "Binding Decisions"
           Reasons: No AI/algorithm relevance detected
[31m[BLOCKED][0m  CAND-0082 | blocked_low_relevance | score:53 | "Binding Decisions"
           Reasons: No AI/algorithm relevance detected
[31m[BLOCKED][0m  CAND-0083 | blocked_low_relevance | score:33 | "News"
           Reasons: No AI/algorithm relevance detected; No legal/regulatory relevance detected
[31m[BLOCKED][0m  CAND-0083 | blocked_low_relevance | score:33 | "News"
           Reasons: No AI/algorithm relevance detected; No legal/regulatory relevance detected
[31m[BLOCKED][0m  CAND-0084 | blocked_low_relevance | score:33 | "EDPB News"
           Reasons: No AI/algorithm relevance detected; No legal/regulatory relevance detected
[31m[BLOCKED][0m  CAND-0084 | blocked_low_relevance | score:33 | "EDPB News"
           Reasons: No AI/algorithm relevance detected; No legal/regulatory relevance detected
[31m[BLOCKED][0m  CAND-0085 | blocked_low_relevance | score:33 | "National News"
           Reasons: No AI/algorithm relevance detected; No legal/regulatory relevance detected
[31m[BLOCKED][0m  CAND-0085 | blocked_low_relevance | score:33 | "National News"
           Reasons: No AI/algorithm relevance detected; No legal/regulatory relevance detected
[31m[BLOCKED][0m  CAND-0086 | blocked_low_relevance | score:33 | "One-Stop-Shop News"
           Reasons: No AI/algorithm relevance detected; No legal/regulatory relevance detected
[31m[BLOCKED][0m  CAND-0086 | blocked_low_relevance | score:33 | "One-Stop-Shop News"
           Reasons: No AI/algorithm relevance detected; No legal/regulatory relevance detected
[31m[BLOCKED][0m  CAND-0087 | blocked_low_relevance | score:53 | "Guidelines 1/2026 on processing of personal data for scientific research purposes"
           Reasons: No AI/algorithm relevance detected
[31m[BLOCKED][0m  CAND-0087 | blocked_low_relevance | score:53 | "Guidelines 1/2026 on processing of personal data for scientific research purposes"
           Reasons: No AI/algorithm relevance detected
[31m[BLOCKED][0m  CAND-0088 | blocked_low_relevance | score:33 | "Guidelines"
           Reasons: No AI/algorithm relevance detected; No legal/regulatory relevance detected
[31m[BLOCKED][0m  CAND-0088 | blocked_low_relevance | score:33 | "Guidelines"
           Reasons: No AI/algorithm relevance detected; No legal/regulatory relevance detected
[31m[BLOCKED][0m  CAND-0089 | blocked_low_relevance | score:53 | "Recommendations 1/2026 on the Application for Approval and on the elements and principles to be found in Processor Binding Corporate Rules (Art. 47 GDPR)"
           Reasons: No AI/algorithm relevance detected
[31m[BLOCKED][0m  CAND-0089 | blocked_low_relevance | score:53 | "Recommendations 1/2026 on the Application for Approval and on the elements and principles to be found in Processor Binding Corporate Rules (Art. 47 GDPR)"
           Reasons: No AI/algorithm relevance detected
[31m[BLOCKED][0m  CAND-0090 | blocked_low_relevance | score:33 | "News"
           Reasons: No AI/algorithm relevance detected; No legal/regulatory relevance detected
[31m[BLOCKED][0m  CAND-0090 | blocked_low_relevance | score:33 | "News"
           Reasons: No AI/algorithm relevance detected; No legal/regulatory relevance detected
[31m[BLOCKED][0m  CAND-0091 | likely_policy_update | score:45 | "AI Office"
           Reasons: No legal/regulatory relevance detected
[31m[BLOCKED][0m  CAND-0091 | likely_policy_update | score:45 | "AI Office"
           Reasons: No legal/regulatory relevance detected
[31m[BLOCKED][0m  CAND-0092 | likely_policy_update | score:53 | "Artificial Intelligence"
           Reasons: No legal/regulatory relevance detected
[31m[BLOCKED][0m  CAND-0092 | likely_policy_update | score:53 | "Artificial Intelligence"
           Reasons: No legal/regulatory relevance detected
[31m[BLOCKED][0m  CAND-0093 | likely_enforcement_case | score:73 | "The Action Plan"
[31m[BLOCKED][0m  CAND-0093 | likely_enforcement_case | score:73 | "The Action Plan"
[32m[ELIGIBLE][0m CAND-0094 | likely_regulatory_guidance | score:81 | "AI Act"
[32m[ELIGIBLE][0m CAND-0094 | likely_regulatory_guidance | score:81 | "AI Act"
[31m[BLOCKED][0m  CAND-0095 | likely_regulatory_guidance | score:65 | "AI Factories and Gigafactories"
[31m[BLOCKED][0m  CAND-0095 | likely_regulatory_guidance | score:65 | "AI Factories and Gigafactories"
[31m[BLOCKED][0m  CAND-0096 | likely_policy_update | score:53 | "InvestAI Facility"
           Reasons: No legal/regulatory relevance detected
[31m[BLOCKED][0m  CAND-0096 | likely_policy_update | score:53 | "InvestAI Facility"
           Reasons: No legal/regulatory relevance detected
[32m[ELIGIBLE][0m CAND-0097 | likely_regulatory_guidance | score:81 | "AI Act Service Desk"
[32m[ELIGIBLE][0m CAND-0097 | likely_regulatory_guidance | score:81 | "AI Act Service Desk"
[31m[BLOCKED][0m  CAND-0098 | likely_policy_update | score:61 | "AI innovation package to support Artificial Intelligence startups and SMEs"
           Reasons: No legal/regulatory relevance detected
[31m[BLOCKED][0m  CAND-0098 | likely_policy_update | score:61 | "AI innovation package to support Artificial Intelligence startups and SMEs"
           Reasons: No legal/regulatory relevance detected
[31m[BLOCKED][0m  CAND-0099 | likely_policy_update | score:45 | "AI thrives from the lab to the market"
           Reasons: No legal/regulatory relevance detected
[31m[BLOCKED][0m  CAND-0099 | likely_policy_update | score:45 | "AI thrives from the lab to the market"
           Reasons: No legal/regulatory relevance detected
[32m[ELIGIBLE][0m CAND-0100 | likely_regulatory_guidance | score:81 | "Algorithms, Artificial Intelligence, and Disability Discrimination in Hiring"
[32m[ELIGIBLE][0m CAND-0101 | likely_regulatory_guidance | score:89 | "Artificial intelligence (AI) and data protection"
[31m[BLOCKED][0m  CAND-0102 | likely_regulatory_guidance | score:73 | "Explaining decisions made with AI"
[31m[BLOCKED][0m  CAND-0103 | likely_regulatory_guidance | score:73 | "Biometric data guidance: Biometric recognition"
[32m[ELIGIBLE][0m CAND-0104 | likely_regulatory_guidance | score:81 | "AI and data protection risk toolkit"
[31m[BLOCKED][0m  CAND-0105 | likely_regulatory_guidance | score:65 | "Faire v├йrifier une d├йcision automatis├йe"
[31m[BLOCKED][0m  CAND-0106 | blocked_low_relevance | score:25 | "IA conversationnelle et sant├й mentale des jeunes : r├йsultats de lтАЩenqu├кte europ├йenne"
           Reasons: No AI/algorithm relevance detected; No legal/regulatory relevance detected
[31m[BLOCKED][0m  CAND-0107 | blocked_low_relevance | score:25 | "IA conversationnelle et sant├й mentale des jeunes : un d├йbat europ├йen in├йdit port├й par la parole des jeunesses"
           Reasons: No AI/algorithm relevance detected; No legal/regulatory relevance detected
[31m[BLOCKED][0m  CAND-0108 | blocked_low_relevance | score:53 | "Liste des sanctions prononc├йes"
           Reasons: No AI/algorithm relevance detected
[31m[BLOCKED][0m  CAND-0109 | blocked_low_relevance | score:25 | "Amende administrative de 27 millions d'euros et injonction"
           Reasons: No AI/algorithm relevance detected; No legal/regulatory relevance detected
[31m[BLOCKED][0m  CAND-0110 | blocked_low_relevance | score:25 | "Amende administrative de 15 millions d'euros et injonction"
           Reasons: No AI/algorithm relevance detected; No legal/regulatory relevance detected
[31m[BLOCKED][0m  CAND-0111 | blocked_low_relevance | score:25 | "Amende administrative de 5 millions d'euros et injonction"
           Reasons: No AI/algorithm relevance detected; No legal/regulatory relevance detected
[31m[BLOCKED][0m  CAND-0112 | blocked_low_relevance | score:25 | "Amende administrative de 900 000 euros et injonction"
           Reasons: No AI/algorithm relevance detected; No legal/regulatory relevance detected
[31m[BLOCKED][0m  CAND-0113 | blocked_low_relevance | score:25 | "Amende administrative de 80 000 euros"
           Reasons: No AI/algorithm relevance detected; No legal/regulatory relevance detected
[31m[BLOCKED][0m  CAND-0114 | blocked_low_relevance | score:25 | "Amende administrative de 325 millions d'euros et injonction"
           Reasons: No AI/algorithm relevance detected; No legal/regulatory relevance detected
[31m[BLOCKED][0m  CAND-0115 | blocked_low_relevance | score:53 | "Guidelines, Recommendations, Best Practices"
           Reasons: No AI/algorithm relevance detected
[31m[BLOCKED][0m  CAND-0116 | blocked_low_relevance | score:53 | "Opinions"
           Reasons: No AI/algorithm relevance detected
[31m[BLOCKED][0m  CAND-0117 | blocked_low_relevance | score:53 | "Binding Decisions"
           Reasons: No AI/algorithm relevance detected
[31m[BLOCKED][0m  CAND-0118 | blocked_low_relevance | score:33 | "News"
           Reasons: No AI/algorithm relevance detected; No legal/regulatory relevance detected
[31m[BLOCKED][0m  CAND-0119 | blocked_low_relevance | score:33 | "EDPB News"
           Reasons: No AI/algorithm relevance detected; No legal/regulatory relevance detected
[31m[BLOCKED][0m  CAND-0120 | blocked_low_relevance | score:33 | "National News"
           Reasons: No AI/algorithm relevance detected; No legal/regulatory relevance detected
[31m[BLOCKED][0m  CAND-0121 | blocked_low_relevance | score:33 | "One-Stop-Shop News"
           Reasons: No AI/algorithm relevance detected; No legal/regulatory relevance detected
[31m[BLOCKED][0m  CAND-0122 | blocked_low_relevance | score:53 | "Guidelines 1/2026 on processing of personal data for scientific research purposes"
           Reasons: No AI/algorithm relevance detected
[31m[BLOCKED][0m  CAND-0123 | blocked_low_relevance | score:33 | "Guidelines"
           Reasons: No AI/algorithm relevance detected; No legal/regulatory relevance detected
[31m[BLOCKED][0m  CAND-0124 | blocked_low_relevance | score:53 | "Recommendations 1/2026 on the Application for Approval and on the elements and principles to be found in Processor Binding Corporate Rules (Art. 47 GDPR)"
           Reasons: No AI/algorithm relevance detected
[31m[BLOCKED][0m  CAND-0125 | blocked_low_relevance | score:33 | "News"
           Reasons: No AI/algorithm relevance detected; No legal/regulatory relevance detected
[31m[BLOCKED][0m  CAND-0126 | likely_policy_update | score:45 | "AI Office"
           Reasons: No legal/regulatory relevance detected
[31m[BLOCKED][0m  CAND-0127 | likely_policy_update | score:53 | "Artificial Intelligence"
           Reasons: No legal/regulatory relevance detected
[31m[BLOCKED][0m  CAND-0128 | likely_enforcement_case | score:73 | "The Action Plan"
[32m[ELIGIBLE][0m CAND-0129 | likely_regulatory_guidance | score:81 | "AI Act"
[31m[BLOCKED][0m  CAND-0130 | likely_regulatory_guidance | score:65 | "AI Factories and Gigafactories"
[31m[BLOCKED][0m  CAND-0131 | likely_policy_update | score:53 | "InvestAI Facility"
           Reasons: No legal/regulatory relevance detected
[32m[ELIGIBLE][0m CAND-0132 | likely_regulatory_guidance | score:81 | "AI Act Service Desk"
[31m[BLOCKED][0m  CAND-0133 | likely_policy_update | score:61 | "AI innovation package to support Artificial Intelligence startups and SMEs"
           Reasons: No legal/regulatory relevance detected
[31m[BLOCKED][0m  CAND-0134 | likely_policy_update | score:45 | "AI thrives from the lab to the market"
           Reasons: No legal/regulatory relevance detected
[32m[ELIGIBLE][0m CAND-0135 | likely_regulatory_guidance | score:81 | "Algorithms, Artificial Intelligence, and Disability Discrimination in Hiring"
[32m[ELIGIBLE][0m CAND-0136 | likely_regulatory_guidance | score:89 | "Artificial intelligence (AI) and data protection"
[31m[BLOCKED][0m  CAND-0137 | likely_regulatory_guidance | score:73 | "Explaining decisions made with AI"
[31m[BLOCKED][0m  CAND-0138 | likely_regulatory_guidance | score:73 | "Biometric data guidance: Biometric recognition"
[32m[ELIGIBLE][0m CAND-0139 | likely_regulatory_guidance | score:81 | "AI and data protection risk toolkit"
[31m[BLOCKED][0m  CAND-0140 | likely_regulatory_guidance | score:65 | "Faire v├йrifier une d├йcision automatis├йe"
[31m[BLOCKED][0m  CAND-0141 | blocked_low_relevance | score:25 | "IA conversationnelle et sant├й mentale des jeunes : r├йsultats de lтАЩenqu├кte europ├йenne"
           Reasons: No AI/algorithm relevance detected; No legal/regulatory relevance detected
[31m[BLOCKED][0m  CAND-0142 | blocked_low_relevance | score:25 | "IA conversationnelle et sant├й mentale des jeunes : un d├йbat europ├йen in├йdit port├й par la parole des jeunesses"
           Reasons: No AI/algorithm relevance detected; No legal/regulatory relevance detected
[31m[BLOCKED][0m  CAND-0143 | blocked_low_relevance | score:53 | "Liste des sanctions prononc├йes"
           Reasons: No AI/algorithm relevance detected
[31m[BLOCKED][0m  CAND-0144 | blocked_low_relevance | score:25 | "Amende administrative de 27 millions d'euros et injonction"
           Reasons: No AI/algorithm relevance detected; No legal/regulatory relevance detected
[31m[BLOCKED][0m  CAND-0145 | blocked_low_relevance | score:25 | "Amende administrative de 15 millions d'euros et injonction"
           Reasons: No AI/algorithm relevance detected; No legal/regulatory relevance detected
[31m[BLOCKED][0m  CAND-0146 | blocked_low_relevance | score:25 | "Amende administrative de 5 millions d'euros et injonction"
           Reasons: No AI/algorithm relevance detected; No legal/regulatory relevance detected
[31m[BLOCKED][0m  CAND-0147 | blocked_low_relevance | score:25 | "Amende administrative de 900 000 euros et injonction"
           Reasons: No AI/algorithm relevance detected; No legal/regulatory relevance detected
[31m[BLOCKED][0m  CAND-0148 | blocked_low_relevance | score:25 | "Amende administrative de 80 000 euros"
           Reasons: No AI/algorithm relevance detected; No legal/regulatory relevance detected
[31m[BLOCKED][0m  CAND-0149 | blocked_low_relevance | score:25 | "Amende administrative de 325 millions d'euros et injonction"
           Reasons: No AI/algorithm relevance detected; No legal/regulatory relevance detected
[31m[BLOCKED][0m  CAND-0150 | blocked_low_relevance | score:53 | "Guidelines, Recommendations, Best Practices"
           Reasons: No AI/algorithm relevance detected
[31m[BLOCKED][0m  CAND-0151 | blocked_low_relevance | score:53 | "Opinions"
           Reasons: No AI/algorithm relevance detected
[31m[BLOCKED][0m  CAND-0152 | blocked_low_relevance | score:53 | "Binding Decisions"
           Reasons: No AI/algorithm relevance detected
[31m[BLOCKED][0m  CAND-0153 | blocked_low_relevance | score:33 | "News"
           Reasons: No AI/algorithm relevance detected; No legal/regulatory relevance detected
[31m[BLOCKED][0m  CAND-0154 | blocked_low_relevance | score:33 | "EDPB News"
           Reasons: No AI/algorithm relevance detected; No legal/regulatory relevance detected
[31m[BLOCKED][0m  CAND-0155 | blocked_low_relevance | score:33 | "National News"
           Reasons: No AI/algorithm relevance detected; No legal/regulatory relevance detected
[31m[BLOCKED][0m  CAND-0156 | blocked_low_relevance | score:33 | "One-Stop-Shop News"
           Reasons: No AI/algorithm relevance detected; No legal/regulatory relevance detected
[31m[BLOCKED][0m  CAND-0157 | blocked_low_relevance | score:53 | "Guidelines 1/2026 on processing of personal data for scientific research purposes"
           Reasons: No AI/algorithm relevance detected
[31m[BLOCKED][0m  CAND-0158 | blocked_low_relevance | score:33 | "Guidelines"
           Reasons: No AI/algorithm relevance detected; No legal/regulatory relevance detected
[31m[BLOCKED][0m  CAND-0159 | blocked_low_relevance | score:53 | "Recommendations 1/2026 on the Application for Approval and on the elements and principles to be found in Processor Binding Corporate Rules (Art. 47 GDPR)"
           Reasons: No AI/algorithm relevance detected
[31m[BLOCKED][0m  CAND-0160 | blocked_low_relevance | score:33 | "News"
           Reasons: No AI/algorithm relevance detected; No legal/regulatory relevance detected
[31m[BLOCKED][0m  CAND-0161 | likely_policy_update | score:45 | "AI Office"
           Reasons: No legal/regulatory relevance detected
[31m[BLOCKED][0m  CAND-0162 | likely_policy_update | score:53 | "Artificial Intelligence"
           Reasons: No legal/regulatory relevance detected
[31m[BLOCKED][0m  CAND-0163 | likely_enforcement_case | score:73 | "The Action Plan"
[32m[ELIGIBLE][0m CAND-0164 | likely_regulatory_guidance | score:81 | "AI Act"
[31m[BLOCKED][0m  CAND-0165 | likely_regulatory_guidance | score:65 | "AI Factories and Gigafactories"
[31m[BLOCKED][0m  CAND-0166 | likely_policy_update | score:53 | "InvestAI Facility"
           Reasons: No legal/regulatory relevance detected
[32m[ELIGIBLE][0m CAND-0167 | likely_regulatory_guidance | score:81 | "AI Act Service Desk"
[31m[BLOCKED][0m  CAND-0168 | likely_policy_update | score:61 | "AI innovation package to support Artificial Intelligence startups and SMEs"
           Reasons: No legal/regulatory relevance detected
[31m[BLOCKED][0m  CAND-0169 | likely_policy_update | score:45 | "AI thrives from the lab to the market"
           Reasons: No legal/regulatory relevance detected

============================================================
  QUALITY CLASSIFICATION COMPLETE
============================================================
Total candidates:      222
Promotion eligible:    34
Blocked:               188
Candidate files updated: 222

Class breakdown:
  blocked_generic_page: 2
  likely_regulatory_guidance: 66
  blocked_low_relevance: 122
  likely_policy_update: 26
  likely_enforcement_case: 6

Report: /Users/nazarkoartem/Desktop/Projects/caesar-compliance/caesar-ai-incident-atlas/data/watch/runs/latest-candidate-quality-report.json
============================================================

[classify-candidate-quality] PASS (exit 0)

[dedupe-real-candidates] Running scripts/dedupe-real-candidates.mjs...
=== Running Real Candidate De-duplication ===
Scanned 222 candidate file(s).

==========================================
       Caesar Deduplication Report        
==========================================
Total Scanned:  222
Unique Items:   56
Duplicates:     166
Report Path:    /Users/nazarkoartem/Desktop/Projects/caesar-compliance/caesar-ai-incident-atlas/data/watch/runs/latest-real-dedupe-report.json
==========================================

[dedupe-real-candidates] PASS (exit 0)

[build-real-case-drafts] Running scripts/build-real-case-drafts.mjs...
=== Building Real Case Drafts from Candidates ===
Dedupe report loaded: 56 unique candidate(s).
Processing 106 candidate(s) for draft generation.
Skipping CAND-0018 тАФ draft already exists.
Skipping CAND-0019 тАФ draft already exists.
Skipping CAND-0020 тАФ draft already exists.
Skipping CAND-0021 тАФ draft already exists.
Skipping CAND-0022 тАФ draft already exists.
Skipping CAND-0023 тАФ draft already exists.
Skipping CAND-0030 тАФ draft already exists.
Skipping CAND-0030 тАФ draft already exists.
[33m[Blocked][0m CAND-0033 [likely_regulatory_guidance] тАФ "Biometric data guidance: Biometric recognition" тАФ quality gate blocked
Skipping CAND-0033 тАФ draft already exists.
[33m[Blocked][0m CAND-0035 [blocked_low_relevance] тАФ "Intelligence artificielle (IA)" тАФ No AI/algorithm relevance detected; No legal/regulatory relevance detected
Skipping CAND-0035 тАФ draft already exists.
[33m[Blocked][0m CAND-0036 [likely_regulatory_guidance] тАФ "Faire v├йrifier une d├йcision automatis├йe" тАФ quality gate blocked
Skipping CAND-0036 тАФ draft already exists.
[33m[Blocked][0m CAND-0037 [blocked_low_relevance] тАФ "Contr├┤ler et sanctionner" тАФ No AI/algorithm relevance detected
Skipping CAND-0037 тАФ draft already exists.
[33m[Blocked][0m CAND-0038 [blocked_low_relevance] тАФ "IA conversationnelle et sant├й mentale des jeunes : r├йsultats de lтАЩenqu├кte europ├йenne" тАФ No AI/algorithm relevance detected; No legal/regulatory relevance detected
Skipping CAND-0038 тАФ draft already exists.
[33m[Blocked][0m CAND-0039 [blocked_low_relevance] тАФ "IA conversationnelle et sant├й mentale des jeunes : un d├йbat europ├йen in├йdit port├й par la parole des jeunesses" тАФ No AI/algorithm relevance detected; No legal/regulatory relevance detected
Skipping CAND-0039 тАФ draft already exists.
[33m[Blocked][0m CAND-0040 [blocked_low_relevance] тАФ "Page courante 1" тАФ No AI/algorithm relevance detected; No legal/regulatory relevance detected
Skipping CAND-0040 тАФ draft already exists.
[33m[Blocked][0m CAND-0041 [blocked_low_relevance] тАФ "Page 2" тАФ No AI/algorithm relevance detected; No legal/regulatory relevance detected
Skipping CAND-0041 тАФ draft already exists.
[33m[Blocked][0m CAND-0042 [blocked_low_relevance] тАФ "Page 3" тАФ No AI/algorithm relevance detected; No legal/regulatory relevance detected
Skipping CAND-0042 тАФ draft already exists.
[33m[Blocked][0m CAND-0043 [blocked_low_relevance] тАФ "Derni├иre page Dernier ┬╗" тАФ No AI/algorithm relevance detected; No legal/regulatory relevance detected
Skipping CAND-0043 тАФ draft already exists.
[33m[Blocked][0m CAND-0044 [blocked_low_relevance] тАФ "Intelligence artificielle (IA)" тАФ No AI/algorithm relevance detected; No legal/regulatory relevance detected
Skipping CAND-0044 тАФ draft already exists.
[33m[Blocked][0m CAND-0045 [blocked_low_relevance] тАФ "BG╨С╤К╨╗╨│╨░╤А╤Б╨║╨╕" тАФ No AI/algorithm relevance detected
Skipping CAND-0045 тАФ draft already exists.
[33m[Blocked][0m CAND-0046 [blocked_low_relevance] тАФ "CS─Мe┼бtina" тАФ No AI/algorithm relevance detected
Skipping CAND-0046 тАФ draft already exists.
[33m[Blocked][0m CAND-0047 [blocked_low_relevance] тАФ "DADansk" тАФ No AI/algorithm relevance detected
Skipping CAND-0047 тАФ draft already exists.
[33m[Blocked][0m CAND-0048 [blocked_low_relevance] тАФ "DEDeutsch" тАФ No AI/algorithm relevance detected
Skipping CAND-0048 тАФ draft already exists.
[33m[Blocked][0m CAND-0049 [blocked_low_relevance] тАФ "EL╬Х╬╗╬╗╬╖╬╜╬╣╬║╬м" тАФ No AI/algorithm relevance detected
Skipping CAND-0049 тАФ draft already exists.
[33m[Blocked][0m CAND-0050 [blocked_low_relevance] тАФ "ESEspa├▒ol" тАФ No AI/algorithm relevance detected
Skipping CAND-0050 тАФ draft already exists.
[33m[Blocked][0m CAND-0051 [blocked_low_relevance] тАФ "ETEesti" тАФ No AI/algorithm relevance detected
Skipping CAND-0051 тАФ draft already exists.
[33m[Blocked][0m CAND-0052 [blocked_low_relevance] тАФ "FISuomi" тАФ No AI/algorithm relevance detected
Skipping CAND-0052 тАФ draft already exists.
[33m[Blocked][0m CAND-0054 [blocked_low_relevance] тАФ "GAGaeilge" тАФ No AI/algorithm relevance detected
Skipping CAND-0054 тАФ draft already exists.
[33m[Blocked][0m CAND-0055 [blocked_low_relevance] тАФ "Activities" тАФ No AI/algorithm relevance detected
Skipping CAND-0055 тАФ draft already exists.
[33m[Blocked][0m CAND-0056 [blocked_low_relevance] тАФ "News" тАФ No AI/algorithm relevance detected; No legal/regulatory relevance detected
Skipping CAND-0056 тАФ draft already exists.
[33m[Blocked][0m CAND-0057 [likely_policy_update] тАФ "AI Office" тАФ No legal/regulatory relevance detected
Skipping CAND-0057 тАФ draft already exists.
[33m[Blocked][0m CAND-0058 [blocked_low_relevance] тАФ "News highlights" тАФ No AI/algorithm relevance detected; No legal/regulatory relevance detected
Skipping CAND-0058 тАФ draft already exists.
[33m[Blocked][0m CAND-0059 [likely_policy_update] тАФ "Artificial Intelligence" тАФ No legal/regulatory relevance detected
Skipping CAND-0059 тАФ draft already exists.
[33m[Blocked][0m CAND-0060 [likely_enforcement_case] тАФ "The Action Plan" тАФ quality gate blocked
Skipping CAND-0060 тАФ draft already exists.
Skipping CAND-0061 тАФ draft already exists.
Skipping CAND-0061 тАФ draft already exists.
[33m[Blocked][0m CAND-0062 [likely_regulatory_guidance] тАФ "AI Factories and Gigafactories" тАФ quality gate blocked
Skipping CAND-0062 тАФ draft already exists.
[33m[Blocked][0m CAND-0063 [likely_policy_update] тАФ "InvestAI Facility" тАФ No legal/regulatory relevance detected
Skipping CAND-0063 тАФ draft already exists.
Skipping CAND-0064 тАФ draft already exists.
Skipping CAND-0064 тАФ draft already exists.
[33m[Blocked][0m CAND-0073 [blocked_low_relevance] тАФ "Liste des sanctions prononc├йes" тАФ No AI/algorithm relevance detected
Skipping CAND-0073 тАФ draft already exists.
[33m[Blocked][0m CAND-0074 [blocked_low_relevance] тАФ "Amende administrative de 27 millions d'euros et injonction" тАФ No AI/algorithm relevance detected; No legal/regulatory relevance detected
Skipping CAND-0074 тАФ draft already exists.
[33m[Blocked][0m CAND-0075 [blocked_low_relevance] тАФ "Amende administrative de 15 millions d'euros et injonction" тАФ No AI/algorithm relevance detected; No legal/regulatory relevance detected
Skipping CAND-0075 тАФ draft already exists.
[33m[Blocked][0m CAND-0076 [blocked_low_relevance] тАФ "Amende administrative de 5 millions d'euros et injonction" тАФ No AI/algorithm relevance detected; No legal/regulatory relevance detected
Skipping CAND-0076 тАФ draft already exists.
[33m[Blocked][0m CAND-0077 [blocked_low_relevance] тАФ "Amende administrative de 900 000 euros et injonction" тАФ No AI/algorithm relevance detected; No legal/regulatory relevance detected
Skipping CAND-0077 тАФ draft already exists.
[33m[Blocked][0m CAND-0078 [blocked_low_relevance] тАФ "Amende administrative de 80 000 euros" тАФ No AI/algorithm relevance detected; No legal/regulatory relevance detected
Skipping CAND-0078 тАФ draft already exists.
[33m[Blocked][0m CAND-0079 [blocked_low_relevance] тАФ "Amende administrative de 325 millions d'euros et injonction" тАФ No AI/algorithm relevance detected; No legal/regulatory relevance detected
Skipping CAND-0079 тАФ draft already exists.
[33m[Blocked][0m CAND-0080 [blocked_low_relevance] тАФ "Guidelines, Recommendations, Best Practices" тАФ No AI/algorithm relevance detected
Skipping CAND-0080 тАФ draft already exists.
[33m[Blocked][0m CAND-0081 [blocked_low_relevance] тАФ "Opinions" тАФ No AI/algorithm relevance detected
Skipping CAND-0081 тАФ draft already exists.
[33m[Blocked][0m CAND-0082 [blocked_low_relevance] тАФ "Binding Decisions" тАФ No AI/algorithm relevance detected
Skipping CAND-0082 тАФ draft already exists.
[33m[Blocked][0m CAND-0083 [blocked_low_relevance] тАФ "News" тАФ No AI/algorithm relevance detected; No legal/regulatory relevance detected
Skipping CAND-0083 тАФ draft already exists.
[33m[Blocked][0m CAND-0084 [blocked_low_relevance] тАФ "EDPB News" тАФ No AI/algorithm relevance detected; No legal/regulatory relevance detected
Skipping CAND-0084 тАФ draft already exists.
[33m[Blocked][0m CAND-0085 [blocked_low_relevance] тАФ "National News" тАФ No AI/algorithm relevance detected; No legal/regulatory relevance detected
Skipping CAND-0085 тАФ draft already exists.
[33m[Blocked][0m CAND-0086 [blocked_low_relevance] тАФ "One-Stop-Shop News" тАФ No AI/algorithm relevance detected; No legal/regulatory relevance detected
Skipping CAND-0086 тАФ draft already exists.
[33m[Blocked][0m CAND-0087 [blocked_low_relevance] тАФ "Guidelines 1/2026 on processing of personal data for scientific research purposes" тАФ No AI/algorithm relevance detected
Skipping CAND-0087 тАФ draft already exists.
[33m[Blocked][0m CAND-0088 [blocked_low_relevance] тАФ "Guidelines" тАФ No AI/algorithm relevance detected; No legal/regulatory relevance detected
Skipping CAND-0088 тАФ draft already exists.
[33m[Blocked][0m CAND-0089 [blocked_low_relevance] тАФ "Recommendations 1/2026 on the Application for Approval and on the elements and principles to be found in Processor Binding Corporate Rules (Art. 47 GDPR)" тАФ No AI/algorithm relevance detected
Skipping CAND-0089 тАФ draft already exists.
[33m[Blocked][0m CAND-0098 [likely_policy_update] тАФ "AI innovation package to support Artificial Intelligence startups and SMEs" тАФ No legal/regulatory relevance detected
Skipping CAND-0098 тАФ draft already exists.
[33m[Blocked][0m CAND-0099 [likely_policy_update] тАФ "AI thrives from the lab to the market" тАФ No legal/regulatory relevance detected
Skipping CAND-0099 тАФ draft already exists.

==========================================
       Caesar Real Draft Build Report     
==========================================
Candidates processed:          106
Drafts created:                0
Drafts skipped (existing):     59
Blocked (quality gate):        47
Output dir:                    /Users/nazarkoartem/Desktop/Projects/caesar-compliance/caesar-ai-incident-atlas/data/drafts/real
==========================================

[build-real-case-drafts] PASS (exit 0)

[validate-real-drafts] Running scripts/validate-real-drafts.mjs...
=== Caesar Real Draft Validator ===
[32m[Draft Validation Pass][0m Found 12 real draft file(s) to validate.
[32m[Draft Validation Pass][0m Public site/ is clean of draft files.
[32m[Draft Validation Pass][0m Safe: no stale inc-0013.json leakage.
[32m[Draft Validation Pass][0m INC-0013 published record present in data/ and site/data/ (correct filename).
[32m[Draft Validation Pass][0m Safe: no INC-0014 record exists.
[32m[Draft Validation Pass][0m ALL 12 real draft file(s) passed validation.
[validate-real-drafts] PASS (exit 0)

[build-promotion-packets] Running scripts/build-promotion-packets.mjs...
=== Building Promotion Packets from Real Drafts ===
Skipping DRAFT-0001 тАФ packet already exists.
Skipping DRAFT-0002 тАФ packet already exists.
Skipping DRAFT-0003 тАФ packet already exists.
Skipping DRAFT-0004 тАФ packet already exists.
Skipping DRAFT-0005 тАФ packet already exists.
Skipping DRAFT-0006 тАФ packet already exists.
Skipping DRAFT-0007 тАФ packet already exists.
Skipping DRAFT-0007 тАФ packet already exists.
Skipping DRAFT-0008 тАФ packet already exists.
Skipping DRAFT-0008 тАФ packet already exists.
Skipping DRAFT-0009 тАФ packet already exists.
Skipping DRAFT-0009 тАФ packet already exists.

==========================================
    Caesar Promotion Packet Build Report  
==========================================
Drafts processed:          12
Packets created:           0
Packets skipped (exists):  12
Blocked (quality gate):    0
Output dir:                /Users/nazarkoartem/Desktop/Projects/caesar-compliance/caesar-ai-incident-atlas/data/promotion-packets/real
NOTE: promotion_allowed is false on ALL packets.
NOTE: Suggested IDs are SUGGESTIONS only тАФ no public records created.
==========================================

[build-promotion-packets] PASS (exit 0)

[validate-promotion-packets] Running scripts/validate-promotion-packets.mjs...
=== Caesar Promotion Packet Validator ===
[32m[Packet Validation Pass][0m Found 12 promotion packet(s) to validate.
[32m[Packet Validation Pass][0m Public site/ is clean of promotion packet files.
[32m[Packet Validation Pass][0m Incident dataset at expected count: 13 records.
[32m[Packet Validation Pass][0m INC-0013 approved record exists (T054).
[32m[Packet Validation Pass][0m ALL 12 promotion packet(s) passed validation.
[validate-promotion-packets] PASS (exit 0)

[rank-promotion-candidates] Running scripts/rank-promotion-candidates.mjs...
=== Ranking Promotion Candidates ===


============================================================
  RANKING COMPLETE
============================================================
Total packets ranked:   12
Promotion eligible:     9
Blocked:                3

Top 5 Candidates:
  Rank 1: PKT-0006 (DRAFT-0006) - Score: 170 | [32mтЬУ ELIGIBLE[0m | likely_case
    Risk: No adapter confidence: adapter_name missing
  Rank 2: PKT-0008 (DRAFT-0008) - Score: 155 | [32mтЬУ ELIGIBLE[0m | likely_regulatory_guidance
  Rank 3: PKT-0008 (DRAFT-0008) - Score: 155 | [32mтЬУ ELIGIBLE[0m | likely_regulatory_guidance
  Rank 4: PKT-0009 (DRAFT-0009) - Score: 155 | [32mтЬУ ELIGIBLE[0m | likely_regulatory_guidance
  Rank 5: PKT-0009 (DRAFT-0009) - Score: 155 | [32mтЬУ ELIGIBLE[0m | likely_regulatory_guidance

============================================================
  TOP RECOMMENDATION
============================================================
[32m[CASE-QUALITY] Best case-quality packet: PKT-0006[0m
Packet: PKT-0006
Draft:  DRAFT-0006
Score:  170
Quality Class: likely_case
Promotion Eligible: true
Best Eligible Packet: PKT-0006

Reason: Highest scoring packet (170 points). Green source tier (+50); Case-quality class: likely_case (+40); Source URL verified (+15).

Risks:
  - No adapter confidence: adapter_name missing

Control Tower approval required before any public promotion

Next Steps:
  1. Review PKT-0006 in local review console
  2. Complete curator risk review checklist
  3. Obtain Control Tower explicit approval
  4. Add approval to data/reviews/real/approved-promotions.json
  5. Run promote-approved-case.mjs

Output written to: /Users/nazarkoartem/Desktop/Projects/caesar-compliance/caesar-ai-incident-atlas/data/reviews/real/ranked-promotion-candidates.json
============================================================

[rank-promotion-candidates] PASS (exit 0)

[build-case-shortlist] Running scripts/build-case-shortlist.mjs...
=== Building Case Shortlist (T052) ===

Built shortlist with 5 items

Shortlist Summary:
  Ready for Control Tower review: 1
  Guidance only: 0
  Top recommended: PKT-0006

Top 5 Items:
  1. PKT-0006 [32m[READY][0m
     Title: Automated decision & profiling (3) тАФ European Data Protectio...
     Action: ready_for_control_tower_review
  2. PKT-0008 [31m[BLOCKED][0m
     Title: AI Act тАФ European Commission (EU)
     Action: needs_more_source_confirmation
  3. PKT-0008 [31m[BLOCKED][0m
     Title: AI Act тАФ European Commission (EU)
     Action: needs_more_source_confirmation
  4. PKT-0009 [31m[BLOCKED][0m
     Title: AI Act Service Desk тАФ European Commission (EU)
     Action: needs_more_source_confirmation
  5. PKT-0009 [31m[BLOCKED][0m
     Title: AI Act Service Desk тАФ European Commission (EU)
     Action: needs_more_source_confirmation

Shortlist written to: /Users/nazarkoartem/Desktop/Projects/caesar-compliance/caesar-ai-incident-atlas/data/reviews/real/case-shortlist.json
[build-case-shortlist] PASS (exit 0)

[validate-case-shortlist] Running scripts/validate-case-shortlist.mjs...
=== Validating Case Shortlist (T052) ===

[32m[PASS][0m case-shortlist.json exists
[32m[PASS][0m Valid JSON structure
[32m[PASS][0m Items array present
[32m[PASS][0m Exactly 5 items in shortlist
[32m[PASS][0m All items have required fields
[32m[PASS][0m Shortlist not in site/ - local only
[32m[PASS][0m Public dataset at expected count: 13 records
[32m[PASS][0m INC-0013 approved record present in site/ (T054)
[34m[INFO][0m 1 items ready for Control Tower review
[34m[INFO][0m Top ready: PKT-0006 - ready_for_control_tower_review

==================================================
[32mSHORTLIST VALIDATION PASSED[0m
==================================================
[validate-case-shortlist] PASS (exit 0)

[promote-approved-case] Running scripts/promote-approved-case.mjs --dry-run...
=== Caesar Promotion CLI ===

[36m[PROMOTE][0m Found 1 approval(s)
[36m[PROMOTE][0m Processing approval for packet: PKT-0006
[31m[ERROR][0m Approval validation failed:
  - Public record already exists: INC-0013-edpb-automated-decision-making-profiling-guidance.json
[promote-approved-case] FAIL (exit 1)
